 (0,0): Unity incremental compiler server
 (0,0): watchdog active on pid: 1652
 (0,0): [10-13-2018 12:34:28.243 下午] Unity.TextMeshPro.dll: no prior compilation found in cache
 (0,0): [10-13-2018 12:34:28.259 下午] Unity.TextMeshPro.dll compiling...
 (0,0): [10-13-2018 12:34:28.288 下午] Unity.PackageManagerUI.Editor.dll: no prior compilation found in cache
 (0,0): [10-13-2018 12:34:28.300 下午] Unity.PackageManagerUI.Editor.dll compiling...
 (0,0): [10-13-2018 12:34:28.665 下午] UnityEditor.StandardEvents.dll: no prior compilation found in cache
 (0,0): [10-13-2018 12:34:28.678 下午] UnityEditor.StandardEvents.dll compiling...
 (0,0): [10-13-2018 12:34:30.821 下午] UnityEditor.StandardEvents.dll: emitting IL to : D:\Documents\UnityProjects\BigWorld\Temp\UnityEditor.StandardEvents.dll
 (0,0): [10-13-2018 12:34:31.031 下午] UnityEditor.StandardEvents.dll compilation finished in 2353ms  source files re-parsed: 1 metadata reloaded: 0
 (0,0): [10-13-2018 12:34:31.110 下午] Unity.PackageManagerUI.Editor.dll: emitting IL to : D:\Documents\UnityProjects\BigWorld\Temp\Unity.PackageManagerUI.Editor.dll
 (0,0): [10-13-2018 12:34:31.145 下午] Unity.TextMeshPro.dll: emitting IL to : D:\Documents\UnityProjects\BigWorld\Temp\Unity.TextMeshPro.dll
 (0,0): [10-13-2018 12:34:31.177 下午] Unity.PackageManagerUI.Editor.dll compilation finished in 2876ms  source files re-parsed: 44 metadata reloaded: 161
 (0,0): [10-13-2018 12:34:31.219 下午] Unity.TextMeshPro.dll compilation finished in 2961ms  source files re-parsed: 45 metadata reloaded: 176
 (0,0): [10-13-2018 12:34:31.707 下午] Unity.TextMeshPro.Editor.dll: no prior compilation found in cache
 (0,0): [10-13-2018 12:34:31.719 下午] Unity.TextMeshPro.Editor.dll compiling...
 (0,0): [10-13-2018 12:34:32.003 下午] Unity.TextMeshPro.Editor.dll: emitting IL to : D:\Documents\UnityProjects\BigWorld\Temp\Unity.TextMeshPro.Editor.dll
 (0,0): [10-13-2018 12:34:32.148 下午] Unity.TextMeshPro.Editor.dll compilation finished in 428ms  source files re-parsed: 39 metadata reloaded: 1
 (0,0): [10-13-2018 12:34:32.427 下午] Assembly-CSharp.dll: no prior compilation found in cache
 (0,0): [10-13-2018 12:34:32.439 下午] Assembly-CSharp.dll compiling...
 (0,0): [10-13-2018 12:34:32.500 下午] Assembly-CSharp.dll: emitting IL to : D:\Documents\UnityProjects\BigWorld\Temp\Assembly-CSharp.dll
 (0,0): [10-13-2018 12:34:32.548 下午] Assembly-CSharp.dll compilation finished in 109ms  source files re-parsed: 17 metadata reloaded: 3
 (0,0): [10-13-2018 12:35:05.255 下午] Unity.TextMeshPro.dll: no prior compilation found in cache
 (0,0): [10-13-2018 12:35:05.267 下午] Unity.TextMeshPro.dll compiling...
 (0,0): [10-13-2018 12:35:05.343 下午] Unity.PackageManagerUI.Editor.dll: no prior compilation found in cache
 (0,0): [10-13-2018 12:35:05.356 下午] Unity.PackageManagerUI.Editor.dll compiling...
 (0,0): [10-13-2018 12:35:05.440 下午] UnityEditor.StandardEvents.dll: no prior compilation found in cache
 (0,0): [10-13-2018 12:35:05.512 下午] UnityEditor.StandardEvents.dll compiling...
 (0,0): [10-13-2018 12:35:05.546 下午] UnityEditor.StandardEvents.dll: emitting IL to : D:\Documents\UnityProjects\BigWorld\Temp\UnityEditor.StandardEvents.dll
 (0,0): [10-13-2018 12:35:05.556 下午] Unity.PackageManagerUI.Editor.dll: emitting IL to : D:\Documents\UnityProjects\BigWorld\Temp\Unity.PackageManagerUI.Editor.dll
 (0,0): [10-13-2018 12:35:05.582 下午] UnityEditor.StandardEvents.dll compilation finished in 69ms  source files re-parsed: 1 metadata reloaded: 0
 (0,0): [10-13-2018 12:35:05.644 下午] Unity.PackageManagerUI.Editor.dll compilation finished in 288ms  source files re-parsed: 44 metadata reloaded: 0
 (0,0): [10-13-2018 12:35:07.635 下午] Unity.TextMeshPro.dll: emitting IL to : D:\Documents\UnityProjects\BigWorld\Temp\Unity.TextMeshPro.dll
 (0,0): [10-13-2018 12:35:07.720 下午] Unity.TextMeshPro.dll compilation finished in 2453ms  source files re-parsed: 45 metadata reloaded: 115
 (0,0): [10-13-2018 12:35:08.368 下午] Unity.TextMeshPro.Editor.dll: no prior compilation found in cache
 (0,0): [10-13-2018 12:35:08.380 下午] Unity.TextMeshPro.Editor.dll compiling...
 (0,0): [10-13-2018 12:35:08.619 下午] Unity.TextMeshPro.Editor.dll: emitting IL to : D:\Documents\UnityProjects\BigWorld\Temp\Unity.TextMeshPro.Editor.dll
 (0,0): [10-13-2018 12:35:08.768 下午] Unity.TextMeshPro.Editor.dll compilation finished in 388ms  source files re-parsed: 39 metadata reloaded: 1
 (0,0): [10-13-2018 12:35:09.269 下午] Assembly-CSharp.dll: no prior compilation found in cache
 (0,0): [10-13-2018 12:35:09.281 下午] Assembly-CSharp.dll compiling...
 (0,0): [10-13-2018 12:35:09.324 下午] Assembly-CSharp.dll: emitting IL to : D:\Documents\UnityProjects\BigWorld\Temp\Assembly-CSharp.dll
 (0,0): [10-13-2018 12:35:09.366 下午] Assembly-CSharp.dll compilation finished in 85ms  source files re-parsed: 17 metadata reloaded: 3
 (0,0): [10-13-2018 12:35:09.658 下午] Unity.TextMeshPro.dll: no prior compilation found in cache
 (0,0): [10-13-2018 12:35:09.671 下午] Unity.TextMeshPro.dll compiling...
 (0,0): [10-13-2018 12:35:09.767 下午] Unity.PackageManagerUI.Editor.dll: no prior compilation found in cache
 (0,0): [10-13-2018 12:35:09.782 下午] Unity.PackageManagerUI.Editor.dll compiling...
 (0,0): [10-13-2018 12:35:10.029 下午] UnityEditor.StandardEvents.dll: no prior compilation found in cache
 (0,0): [10-13-2018 12:35:10.048 下午] UnityEditor.StandardEvents.dll compiling...
 (0,0): [10-13-2018 12:35:10.214 下午] UnityEditor.StandardEvents.dll: emitting IL to : D:\Documents\UnityProjects\BigWorld\Temp\UnityEditor.StandardEvents.dll
 (0,0): [10-13-2018 12:35:10.283 下午] Unity.PackageManagerUI.Editor.dll: emitting IL to : D:\Documents\UnityProjects\BigWorld\Temp\Unity.PackageManagerUI.Editor.dll
 (0,0): [10-13-2018 12:35:10.293 下午] UnityEditor.StandardEvents.dll compilation finished in 244ms  source files re-parsed: 1 metadata reloaded: 0
 (0,0): [10-13-2018 12:35:10.357 下午] Unity.PackageManagerUI.Editor.dll compilation finished in 575ms  source files re-parsed: 44 metadata reloaded: 0
 (0,0): [10-13-2018 12:35:10.421 下午] Unity.TextMeshPro.dll: emitting IL to : D:\Documents\UnityProjects\BigWorld\Temp\Unity.TextMeshPro.dll
 (0,0): [10-13-2018 12:35:10.501 下午] Unity.TextMeshPro.dll compilation finished in 831ms  source files re-parsed: 45 metadata reloaded: 0
 (0,0): [10-13-2018 12:35:10.933 下午] Unity.TextMeshPro.Editor.dll: no prior compilation found in cache
 (0,0): [10-13-2018 12:35:10.945 下午] Unity.TextMeshPro.Editor.dll compiling...
 (0,0): [10-13-2018 12:35:11.212 下午] Unity.TextMeshPro.Editor.dll: emitting IL to : D:\Documents\UnityProjects\BigWorld\Temp\Unity.TextMeshPro.Editor.dll
 (0,0): [10-13-2018 12:35:11.354 下午] Unity.TextMeshPro.Editor.dll compilation finished in 409ms  source files re-parsed: 39 metadata reloaded: 1
 (0,0): [10-13-2018 12:35:11.656 下午] Assembly-CSharp.dll: no prior compilation found in cache
 (0,0): [10-13-2018 12:35:11.668 下午] Assembly-CSharp.dll compiling...
 (0,0): [10-13-2018 12:35:11.708 下午] Assembly-CSharp.dll: emitting IL to : D:\Documents\UnityProjects\BigWorld\Temp\Assembly-CSharp.dll
 (0,0): [10-13-2018 12:35:11.753 下午] Assembly-CSharp.dll compilation finished in 86ms  source files re-parsed: 17 metadata reloaded: 3
 (0,0): [10-13-2018 12:39:27.849 下午] Compiler cache size is now 16.38 MB
 (0,0): [10-13-2018 12:42:23.199 下午] Assembly-CSharp.dll compiling...
 (0,0): [10-13-2018 12:42:23.254 下午] Assembly-CSharp.dll: emitting IL to : D:\Documents\UnityProjects\BigWorld\Temp\Assembly-CSharp.dll
 (0,0): [10-13-2018 12:42:23.273 下午] Assembly-CSharp.dll compilation finished in 73ms  source files re-parsed: 1 metadata reloaded: 0
 (0,0): [10-13-2018 12:42:23.285 下午] Assembly-CSharp.dll: compilation was cached, 1 file(s) were found to have changed.
 (0,0): [10-14-2018 04:53:27.412 上午] Assembly-CSharp.dll compiling...
 (0,0): [10-14-2018 04:53:27.581 上午] Assembly-CSharp.dll: emitting IL to : D:\Documents\UnityProjects\BigWorld\Temp\Assembly-CSharp.dll
 (0,0): [10-14-2018 04:53:27.602 上午] Assembly-CSharp.dll compilation finished in 189ms  source files re-parsed: 2 metadata reloaded: 0
 (0,0): [10-14-2018 04:53:27.614 上午] Assembly-CSharp.dll: compilation was cached, 2 file(s) were found to have changed.
 (0,0): [10-14-2018 05:32:06.007 上午] Assembly-CSharp.dll compiling...
 (0,0): [10-14-2018 05:32:06.123 上午] Assembly-CSharp.dll: emitting IL to : D:\Documents\UnityProjects\BigWorld\Temp\Assembly-CSharp.dll
 (0,0): [10-14-2018 05:32:06.190 上午] Assembly-CSharp.dll compilation finished in 183ms  source files re-parsed: 2 metadata reloaded: 0
 (0,0): [10-14-2018 05:32:06.202 上午] Assembly-CSharp.dll: compilation was cached, 2 file(s) were found to have changed.
 (0,0): [10-14-2018 07:14:29.769 上午] Assembly-CSharp.dll compiling...
 (0,0): [10-14-2018 07:14:29.818 上午] Assembly-CSharp.dll: emitting IL to : D:\Documents\UnityProjects\BigWorld\Temp\Assembly-CSharp.dll
 (0,0): [10-14-2018 07:14:29.867 上午] Assembly-CSharp.dll compilation finished in 97ms  source files re-parsed: 1 metadata reloaded: 0
 (0,0): [10-14-2018 07:14:29.879 上午] Assembly-CSharp.dll: compilation was cached, 1 file(s) were found to have changed.
 (0,0): watchdog triggered an exit
